<?xml version="1.0" encoding="UTF-8"?>
<!-- Generated by org.testng.reporters.JUnitReportReporter -->
<testsuite hostname="Adithya" failures="0" tests="1" name="ProjectWorks.BaseTest" time="17.800" errors="0" timestamp="2023-01-18T11:17:08 IST" skipped="0">
  <testcase classname="ProjectWorks.BaseTest" name="base" time="17.800"/>
  <system-out>
Enter Vehicle Data  </system-out>
</testsuite> <!-- ProjectWorks.BaseTest -->
