<?xml version="1.0" encoding="UTF-8"?>
<!-- Generated by org.testng.reporters.JUnitReportReporter -->
<testsuite hostname="Adithya" failures="0" tests="1" name="Project.ActualScripts" time="1.467" errors="0" timestamp="2023-01-13T11:27:16 IST" skipped="0">
  <testcase classname="Project.ActualScripts" name="makecase" time="1.467"/>
  <system-out/>
</testsuite> <!-- Project.ActualScripts -->
